
ROM used: 49 (1%)
          49 (1%) including unused fragments

          0 Average locations per line
          6 Average locations per statement

RAM used: 5 (1%) at main() level
          6 (2%) worst case

Stack used: 1 worst case (out of 8 total available)

Lines Stmts  %   Files
----- ----- ---  -----
   23     8 100  main.c
  326     0   0  C:\Program Files (x86)\PICC\Devices\16F877A.h
----- -----
  349     8 Total

Page ROM  %  RAM   Vol Diff  Functions:
---- --- --- ---   --- ----  ----------
0     20  41   1             @delay_ms1
0     25  51   0   127  1.7  main

Program metrics:
    Functions               1
    Statements              8
    Comments                81
    Volume (V)              130
    Difficilty (D)          1.6
    Effort to implement (E) 211
    Time to implement (T)   0 minutes
    Est Delivered Bugs (B)  0
    Cyclomatic Complexity   1
    Maintainability (MI)    161

 Segment     Used  Free
-----------  ----  ----
00000-00003     4  0  
00004-007FF    45  1999  
00800-00FFF     0  2048  
01000-017FF     0  2048  
01800-01FFF     0  2048  



