
ROM used: 62 (1%)
          62 (1%) including unused fragments

          0 Average locations per line
          5 Average locations per statement

RAM used: 5 (1%) at main() level
          9 (2%) worst case

Stack used: 2 worst case (out of 8 total available)

Lines Stmts  %   Files
----- ----- ---  -----
   33    13 100  main.c
  326     0   0  C:\Program Files (x86)\PICC\Devices\16F877A.h
----- -----
  359    13 Total

Page ROM  %  RAM   Vol Diff  Functions:
---- --- --- ---   --- ----  ----------
0     20  32   1             @delay_ms1
0     13  21   2   110  2.3  parpadeoCustom
0     25  40   0    96  2.5  MAIN

Program metrics:
    Functions               2
    Statements              13
    Comments                77
    Volume (V)              257
    Difficilty (D)          4.7
    Effort to implement (E) 1205
    Time to implement (T)   1 minutes
    Est Delivered Bugs (B)  0
    Cyclomatic Complexity   1
    Maintainability (MI)    106

 Segment     Used  Free
-----------  ----  ----
00000-00003     4  0  
00004-007FF    58  1986  
00800-00FFF     0  2048  
01000-017FF     0  2048  
01800-01FFF     0  2048  



