
ROM used: 72 (1%)
          72 (1%) including unused fragments

          0 Average locations per line
          4 Average locations per statement

RAM used: 5 (1%) at main() level
          8 (2%) worst case

Stack used: 2 worst case (out of 8 total available)

Lines Stmts  %   Files
----- ----- ---  -----
   57    16 100  main.c
  326     0   0  C:\Program Files (x86)\PICC\Devices\16F877A.h
----- -----
  383    16 Total

Page ROM  %  RAM   Vol Diff  Functions:
---- --- --- ---   --- ----  ----------
0     20  28   1             @delay_ms1
0     23  32   2   218  5.0  prueba
0     25  35   0   121  2.6  MAIN

Program metrics:
    Functions               2
    Statements              16
    Comments                103
    Volume (V)              410
    Difficilty (D)          7.3
    Effort to implement (E) 2990
    Time to implement (T)   3 minutes
    Est Delivered Bugs (B)  0
    Cyclomatic Complexity   2
    Maintainability (MI)    60

 Segment     Used  Free
-----------  ----  ----
00000-00003     4  0  
00004-007FF    68  1976  
00800-00FFF     0  2048  
01000-017FF     0  2048  
01800-01FFF     0  2048  



